<?xml version="1.0" encoding="UTF-8"?>
<testng-results ignored="0" total="1" passed="1" failed="0" skipped="0">
  <reporter-output>
  </reporter-output>
  <suite started-at="2022-04-14T07:24:12 IST" name="Default suite" finished-at="2022-04-14T07:24:20 IST" duration-ms="7802">
    <groups>
    </groups>
    <test started-at="2022-04-14T07:24:12 IST" name="Default test" finished-at="2022-04-14T07:24:20 IST" duration-ms="7802">
      <class name="TestCases.Verify_SignUp">
        <test-method is-config="true" signature="launchBrowser()[pri:0, instance:TestCases.Verify_SignUp@505fc5a4]" started-at="2022-04-14T07:24:12 IST" name="launchBrowser" finished-at="2022-04-14T07:24:15 IST" duration-ms="2820" status="PASS">
          <reporter-output>
          </reporter-output>
        </test-method> <!-- launchBrowser -->
        <test-method signature="signUp()[pri:0, instance:TestCases.Verify_SignUp@505fc5a4]" started-at="2022-04-14T07:24:15 IST" name="signUp" finished-at="2022-04-14T07:24:20 IST" duration-ms="4953" status="PASS">
          <reporter-output>
          </reporter-output>
        </test-method> <!-- signUp -->
      </class> <!-- TestCases.Verify_SignUp -->
    </test> <!-- Default test -->
  </suite> <!-- Default suite -->
</testng-results>
